The task:ã€newLAIã€‘starts at 2024å¹´07æœˆ02æ—¥23:06:55
[01;35m#######Data#######[0m
Genome: data/04.T2T_genome/T2T.fasta
Species Evolution Rate: 7e-9
LTR_FINDER Results: 01.LAI/tmp_of_LAI/01.LTR_FINDER_parallel/used.genome.fa.finder.combine.scn
LTR_Harvert Type: skip_LTRharvest
LAI Split Type: split
Threads: 64
Parallel Task: 8

[01;35m#######Run#######[0m
1. LTR_FINDER_parallel and LTRharvest make .combine.scn
2. LTR_retriever make .out.LAI
3. Plot LAI and LTR-insertion-time
4. TE Evolution
4.1. TEsorter with db rexdb-plant, processors 64
4.2. Extract RT domain sequences and align with MAFFT
4.3. Reconduct the phylogenetic tree with IQTREE
4.4. Plot TE tree by ggtree, treeio
5. Patch all plot

[01;35m#######Results#######[0m
Output: 03.split_LAI/output_of_LAI/

â”œâ”€â”€ LTR_InsertionTime+LAI+LTR_Tree.*    LAIè¯„ä¼°+LTRæ’å…¥æ—¶é—´+LTRç³»ç»Ÿå‘è‚²æ ‘å›¾
â”œâ”€â”€ LAI.pdf(svg/png)                    LAIè¯„ä¼°åœˆå›¾ï¼ˆå«æ ‡å‡†å·®ï¼‰
â”œâ”€â”€ LAI.xls                             LAIè¯„ä¼°è¡¨
â”œâ”€â”€ LTR_InsertionTime.pdf(svg/png)      LTRæ’å…¥æ—¶é—´å›¾
â”œâ”€â”€ LTRtime.xls                         LTRæ’å…¥æ—¶é—´è¡¨æ ¼
â”œâ”€â”€ LTR-Tree.pdf(svg/png)               LTR-RTsçš„æœ€å¤§ä¼¼ç„¶æ³•å»ºæ ‘å›¾
â”œâ”€â”€ LTR-Superfamily.xls                 LTRå­å®¶æ—ç»Ÿè®¡è¡¨
â”œâ”€â”€ LTR-Superfamily.gff3                LTRæ³¨é‡Šæ–‡ä»¶ï¼ˆGFF3æ ¼å¼ï¼‰
â”œâ”€â”€ LTR-RTs.treefile                    LTR-RTså»ºæ ‘ç»“æœï¼ˆä½¿ç”¨iqtreeåšæœ€å¤§ä¼¼ç„¶æ³•å»ºæ ‘ï¼‰
â””â”€â”€ readme.txt
The task:ã€newLAIã€‘ends at 2024å¹´07æœˆ03æ—¥00:07:08
