The task: 【makechr】 starts at Fri Jun  7 16:55:37 CST 2024
[01;35m#######Data#######[0m
Genome: 03.hic/01.genome/genome.sort.fa
Assembly File: 03.hic/03.hic_afterjuicebox/01.makeChr/01.sort/3D-DNA.review.assembly
Chr Num: 12
Sort Type: do_sort

[01;35m#######Run#######[0m
1. check the .assembly file
2. make chr level genome
3. statistical analysis genome
4. count the gap

[01;35m#######Result#######[0m
Mount Rate: 1460454145 / 1533270924 = 95.25%

Each Chr Stat:
Chromosome  Length(bp)   Contig Number
chr1        166,052,527  3
chr2        164,359,933  3
chr3        158,491,859  3
chr4        152,223,113  1
chr5        130,620,841  2
chr6        125,426,829  2
chr7        106,951,117  3
chr8        99,858,930   1
chr9        97,160,323   1
chr10       92,715,395   1
chr11       84,580,661   1
chr12       82,012,617   1
chrUnn      72,816,779   182

Check Contig Length of Each Chr:
[01;37mChr_Id  Start        End          Ctg_ID        Ctg_Len      Check[0m
[01;32mchr1    1            19,251,289   ptg000021l_1  19,251,288   >10,000,000[0m
[01;35mchr1    19,251,390   20,511,843   ptg000030l_1  1,260,453    <10,000,000[0m
[01;32mchr1    20,511,944   166,052,527  ptg000006l_1  145,540,583  >10,000,000[0m
[01;35mchr2    1            1,716,014    ptg000025l_1  1,716,013    <10,000,000[0m
[01;32mchr2    1,716,115    50,458,381   ptg000001l_1  48,742,266   >10,000,000[0m
[01;32mchr2    50,458,482   164,359,933  ptg000008l_1  113,901,451  >10,000,000[0m
[01;32mchr3    1            30,045,762   ptg000013l_1  30,045,761   >10,000,000[0m
[01;32mchr3    30,045,863   104,613,287  ptg000016l_1  74,567,424   >10,000,000[0m
[01;32mchr3    104,613,388  158,491,859  ptg000020l_1  53,878,471   >10,000,000[0m
[01;32mchr4    1            152,223,113  ptg000004l_1  152,223,112  >10,000,000[0m
[01;32mchr5    1            102,509,317  ptg000015l_1  102,509,316  >10,000,000[0m
[01;32mchr5    102,509,418  130,620,841  ptg000002l_1  28,111,423   >10,000,000[0m
[01;32mchr6    1            66,163,088   ptg000005l_1  66,163,087   >10,000,000[0m
[01;32mchr6    66,163,189   125,426,829  ptg000022l_1  59,263,640   >10,000,000[0m
[01;32mchr7    1            19,637,600   ptg000018l_1  19,637,599   >10,000,000[0m
[01;32mchr7    19,637,701   31,407,615   ptg000010l_1  11,769,914   >10,000,000[0m
[01;32mchr7    31,407,716   106,951,117  ptg000009l_1  75,543,401   >10,000,000[0m
[01;32mchr8    1            99,858,930   ptg000014l_1  99,858,929   >10,000,000[0m
[01;32mchr9    1            97,160,323   ptg000003l_1  97,160,322   >10,000,000[0m
[01;32mchr10   1            92,715,395   ptg000023l_1  92,715,394   >10,000,000[0m
[01;32mchr11   1            84,580,661   ptg000019l_1  84,580,660   >10,000,000[0m
[01;32mchr12   1            82,012,617   ptg000007l_1  82,012,616   >10,000,000[0m

Total Genome Stat:
Item                       Value
Total Length(bp)           1,533,270,924
Total Length WithoutN(bp)  1,533,269,924
Total Number               194
GC content(%)              39.97
N50(bp)                    130,620,841
N90(bp)                    82,012,617
Average(bp)                7,903,458.37
Median(bp)                 48,497.50
Min(bp)                    5,000
Max(bp)                    166,052,527

Gap Num: 10
Chromosome/Contig  Gap Number
chr1               2
chr2               2
chr3               2
chr5               1
chr6               1
chr7               2
The task: 【makechr】 ends at Fri Jun  7 16:55:41 CST 2024
