The task: ã€surveyã€‘ starts at Tue Jun 11 11:11:03 CST 2024
[01;35m#######Data#######[0m
Kmer size: 19
Smudgeplot: skip_smudgeplot
Ploid type: 2
Input Data: 00.data/2nd/rawdata/Clean_Insect_R1.fq.gz, 
Sample Name: Clean

[01;35m#######æ­¥éª¤1ï¼šæ£€æŸ¥åŸå§‹æ•°æ®#######[0m
rawdata R1:
00.data/2nd/rawdata/Clean_Insect_R1.fq.gz
rawdata R2:
00.data/2nd/rawdata/Clean_Insect_R2.fq.gz

[01;35m#######æ­¥éª¤2ï¼šè¿‡æ»¤åŸå§‹æ•°æ®å¹¶è´¨æ§#######[0m
[01;35m#######FASTAæ ¼å¼æ•°æ®ä¸è¿‡æ»¤, åªç»Ÿè®¡æ•°æ®é‡#######[0m
cleandata R1:
01.survey/02.2nd/tmp_of_survey/01.fastp_qc/Clean.clean_R1.fastq.gz
cleandata R2:
01.survey/02.2nd/tmp_of_survey/01.fastp_qc/Clean.clean_R2.fastq.gz
data statistics:
Data_Type   Total_Reads  Total_Bases     Q20_Bases       Q30_Bases       Q20_Rate(%)  Q30_Rate(%)  GC_Content(%)
raw_data    432,270,194  64,840,529,100  63,124,542,193  60,094,474,359  97.35        92.68        34.45
clean_data  432,270,182  63,854,227,086  62,178,902,710  59,212,549,908  97.38        92.73        34.37

[01;35m#######æ­¥éª¤3ï¼šjellyfishç»Ÿè®¡kmer#######[0m
Rscript plot_kmer.R kmer.histo 200 5
å¦‚æœKmerå›¾æœ‰é—®é¢˜ï¼Œè¯·è‡ªè¡Œä¿®æ”¹:
Rscript plot_kmer.R kmer.histo max_depth(Xè½´æœ€å¤§é™åˆ¶) low_depth(è¿‡æ»¤é”™è¯¯kmer)
Kmeråˆ†å¸ƒå›¾ï¼škmer_depth_and_frequencey_distribution.png
è¾“å…¥æ•°æ®é‡: none

[01;35m#######æ­¥éª¤4ï¼šgce å’Œ genomescope2.0#######[0m
æ•°æ®é‡: 63.85 G
gce analyze finish.
gce_kmer.stat.xls:
Kmer_Size  Total_Kmer      Kmer_Depth  Genome_Size  H_Ratio(%)  D_Ratio(%)  Clean_Data(G)  Seq_Depth(X)
19         49,285,051,292  67.61       728,960,972  0.15        40.05       63.85          87.59
Titleè¯´æ˜:
Kmer_Sizeï¼š   kmerå¤§å°, ä¸€èˆ¬æ˜¯19;                   Heterozygous_Ratio:  æ‚åˆåº¦;
Total_Kmer:   kmeræ€»æ•°(kmeré¢‘æ•°xkmerç§ç±»çš„å’Œ);      Duplication_Ratio:   é‡å¤åº¦;
Kmer_Depth:   ä¸»å³°æ·±åº¦;                             Clean_Data:          äºŒä»£åŸå§‹æ•°æ®è¿‡æ»¤åçš„æ•°æ®é‡;
Genome_Size:  é¢„ä¼°åŸºå› ç»„å¤§å°;                       Seq_Depth:           æµ‹åºæ·±åº¦;

[01;35m######Genomescope2.0#######[0m
genomescope p=2 ...
çº¯åˆæ¨¡å¼
genomescope2.0 analyze finish.
genomescope_kmer.stat.xls:
Kmer_Size  Total_Kmer      Kmer_Depth  Genome_Size  H_Ratio(%)  D_Ratio(%)  Clean_Data(G)  Seq_Depth(X)
19         49,390,181,048  67.60       730,623,980  0.17        45.47       63.85          87.39
Titleè¯´æ˜:
Kmer_Sizeï¼š   kmerå¤§å°, ä¸€èˆ¬æ˜¯19;                   Heterozygous_Ratio:  æ‚åˆåº¦;
Total_Kmer:   kmeræ€»æ•°(kmeré¢‘æ•°xkmerç§ç±»çš„å’Œ);      Duplication_Ratio:   é‡å¤åº¦;
Kmer_Depth:   ä¸»å³°æ·±åº¦;                             Clean_Data:          äºŒä»£åŸå§‹æ•°æ®è¿‡æ»¤åçš„æ•°æ®é‡;
Genome_Size:  é¢„ä¼°åŸºå› ç»„å¤§å°;                       Seq_Depth:           æµ‹åºæ·±åº¦;

[01;35m######Summary#######[0m
gce_kmer.stat.xls:
Kmer_Size  Total_Kmer      Kmer_Depth  Genome_Size  H_Ratio(%)  D_Ratio(%)  Clean_Data(G)  Seq_Depth(X)
19         49,285,051,292  67.61       728,960,972  0.15        40.05       63.85          87.59
genomescope_kmer.stat.xls:
Kmer_Size  Total_Kmer      Kmer_Depth  Genome_Size  H_Ratio(%)  D_Ratio(%)  Clean_Data(G)  Seq_Depth(X)
19         49,390,181,048  67.60       730,623,980  0.17        45.47       63.85          87.39
Titleè¯´æ˜:
Kmer_Sizeï¼š   kmerå¤§å°, ä¸€èˆ¬æ˜¯19;                   Heterozygous_Ratio:  æ‚åˆåº¦;
Total_Kmer:   kmeræ€»æ•°(kmeré¢‘æ•°xkmerç§ç±»çš„å’Œ);      Duplication_Ratio:   é‡å¤åº¦;
Kmer_Depth:   ä¸»å³°æ·±åº¦;                             Clean_Data:          äºŒä»£åŸå§‹æ•°æ®è¿‡æ»¤åçš„æ•°æ®é‡;
Genome_Size:  é¢„ä¼°åŸºå› ç»„å¤§å°;                       Seq_Depth:           æµ‹åºæ·±åº¦;

è·³è¿‡å€å‹åˆ†æ
Surveyåˆ†æå·²å…¨éƒ¨å®Œæˆ!
ç»“æœæ•´ç†å®Œæˆï¼
The task: ã€surveyã€‘ ends at Tue Jun 11 11:11:55 CST 2024
