The task: 【mappingdata】 starts at Fri Jun 21 10:52:03 CST 2024
[01;35m#######Data#######[0m
Genome: 03.hic/03.hic_afterjuicebox/output/SHJ/03.hic/HiC.review.assembly.chr.fa
NGS_Data: kehu/02.ngs/NGS-1r_1.fq.gz, kehu/02.ngs/NGS-1r_2.fq.gz
Data_Type: ngs
WorkDir: 03.hic/03.hic_afterjuicebox/02.other_work/01.mapping_ngs/tmp_of_mapping
Output: 03.hic/03.hic_afterjuicebox/02.other_work/01.mapping_ngs/output_of_mapping

[01;35m#######Run#######[0m
0. start mapping...
1. mapping finish.
2. samtools flagstat...
3. get gc-depth...
3.1. samtools index...
3.2. pandepth...
4. plot gc-depth distribution
5. plot each-depath distribution
[01;35m#######Result#######[0m
Total Mapping:
Data_Type  Mapping_Rate(%)  Paired_Mapping_Rate  Average_Depth(X)  Coverage(%)
ngs        99.79            95.64                141.70            99.00
Each Mapping:
#Chr         Length     CoveredSite  TotalDepth   GC(%)  Coverage(%)  MeanDepth
chr1         166052527  164636598    23127263004  39.76  99.15        139.28
chr2         164359933  163072298    22862127722  39.66  99.22        139.10
chr3         158491859  157718140    22189750514  40.40  99.51        140.01
chr4         152223113  150971267    20579778474  39.53  99.18        135.19
chr5         130620841  129708641    17967510914  39.98  99.30        137.55
chr6         125426829  124638510    17076873745  39.64  99.37        136.15
chr7         106951117  105464029    13885637211  39.80  98.61        129.83
chr8         99858930   98768880     13210840286  39.81  98.91        132.30
chr9         97160323   96012885     13149439934  39.53  98.82        135.34
chr10        92715395   92393899     13270472469  40.44  99.65        143.13
chr11        84580661   83728736     11789385072  39.63  98.99        139.39
chr12        82012617   81574558     11274932052  39.54  99.47        137.48
Scaffold1    306791     302414       70084724     62.26  98.57        228.44
Scaffold2    138385     137624       35528718     63.52  99.45        256.74
Scaffold3    27704      27575        6400861      62.58  99.53        231.04
Scaffold4    316015     315027       76792133     64.03  99.69        243.00
Scaffold5    135824     135710       38465952     63.54  99.92        283.20
Scaffold6    365751     364872       82078047     64.08  99.76        224.41
Scaffold7    106485     105956       21207535     64.01  99.50        199.16
Scaffold8    36247      36230        57755948     40.24  99.95        1593.40
Scaffold9    436041     433032       99335295     63.77  99.31        227.81
Scaffold10   153198     149289       28408104     63.82  97.45        185.43
Scaffold11   120398     117718       22432862     63.59  97.77        186.32
Scaffold12   234012     228919       44555411     64.62  97.82        190.40
Scaffold13   61223      60672        11284076     63.79  99.10        184.31
Scaffold14   31230      18505        56441        27.29  59.25        1.81
Scaffold15   40489      13652        35852        29.29  33.72        0.89
Scaffold16   234895     234122       66010647     63.64  99.67        281.02
Scaffold17   326035     315716       55011012     63.69  96.84        168.73
Scaffold18   903704     891504       174711676    63.63  98.65        193.33
Scaffold19   886382     881289       160131827    63.68  99.43        180.66
Scaffold20   1509262    1501587      297565289    63.64  99.49        197.16
Scaffold21   491487     486144       91403435     63.74  98.91        185.97
Scaffold22   322762     318944       56582962     63.69  98.82        175.31
Scaffold23   181958     181310       33585672     63.79  99.64        184.58
Scaffold24   162648     10968        112629       35.22  6.74         0.69
Scaffold25   161183     155159       206491354    46.32  96.26        1281.10
Scaffold26   153775     151930       30074776     63.40  98.80        195.58
Scaffold27   146153     141317       207752875    46.69  96.69        1421.48
Scaffold28   145666     130292       197450106    46.22  89.45        1355.50
Scaffold29   139341     139316       206882514    39.15  99.98        1484.72
Scaffold30   132797     8811         29457        34.85  6.63         0.22
Scaffold31   115588     113594       162257909    46.39  98.27        1403.76
Scaffold32   107878     105039       19551727     63.75  97.37        181.24
Scaffold33   96224      92491        15448353     63.71  96.12        160.55
Scaffold34   77619      1458         2445         60.33  1.88         0.03
Scaffold35   71162      71162        99716086     38.20  100.00       1401.25
Scaffold36   65478      65428        93446905     38.90  99.92        1427.15
Scaffold37   63666      63665        93752532     38.33  100.00       1472.57
Scaffold38   62933      61436        50040110     46.51  97.62        795.13
Scaffold39   61364      270          291          56.13  0.44         0.00
Scaffold40   61283      60626        54472823     46.74  98.93        888.87
Scaffold41   60960      64           142          57.03  0.10         0.00
Scaffold42   59353      55212        57447632     47.19  93.02        967.90
Scaffold43   59335      58686        62225520     46.67  98.91        1048.72
Scaffold44   56811      56404        12120797     63.37  99.28        213.35
Scaffold45   56240      51948        51267923     46.99  92.37        911.59
Scaffold46   55346      801          834          41.18  1.45         0.02
Scaffold47   55190      55190        76157918     38.19  100.00       1379.92
Scaffold48   54228      54228        83465648     40.07  100.00       1539.16
Scaffold49   54168      54168        75369588     39.74  100.00       1391.40
Scaffold50   52209      51626        68514229     46.29  98.88        1312.31
Scaffold51   51803      22405        54033        27.18  43.25        1.04
Scaffold52   51577      51576        76200280     40.18  100.00       1477.41
Scaffold53   51002      51002        77855823     40.48  100.00       1526.52
Scaffold54   50481      50481        76825639     38.20  100.00       1521.87
Scaffold55   49261      49164        73440251     38.24  99.80        1490.84
Scaffold56   48768      48112        36435127     46.40  98.65        747.11
Scaffold57   48687      48685        71329102     40.08  100.00       1465.05
Scaffold58   48308      48308        78332731     40.53  100.00       1621.53
Scaffold59   48066      47964        86687532     37.84  99.79        1803.51
Scaffold60   47794      47022        85020147     46.97  98.38        1778.89
Scaffold61   47077      47077        69308726     38.76  100.00       1472.24
Scaffold62   47066      47065        65094632     37.93  100.00       1383.05
Scaffold63   46275      46255        68182380     38.06  99.96        1473.42
Scaffold64   46247      46247        75363565     39.00  100.00       1629.59
Scaffold65   45918      45917        70263980     39.44  100.00       1530.21
Scaffold66   45612      45612        64715041     38.37  100.00       1418.82
Scaffold67   45129      770          1532         61.88  1.71         0.03
Scaffold68   44773      44635        70502924     38.26  99.69        1574.68
Scaffold69   44464      44386        74831538     40.23  99.82        1682.97
Scaffold70   44251      44251        59960188     40.72  100.00       1355.00
Scaffold71   43407      43407        62646613     38.45  100.00       1443.24
Scaffold72   43406      43406        66490497     38.60  100.00       1531.83
Scaffold73   43164      43164        65952154     40.37  100.00       1527.94
Scaffold74   43112      43110        58375076     37.76  100.00       1354.03
Scaffold75   42654      42654        69481269     38.54  100.00       1628.95
Scaffold76   42562      42548        64836700     39.20  99.97        1523.35
Scaffold77   42344      42337        61454276     37.60  99.98        1451.31
Scaffold78   41742      41710        63425567     39.75  99.92        1519.47
Scaffold79   41643      41643        61189765     40.87  100.00       1469.39
Scaffold80   40722      40722        63654598     40.69  100.00       1563.15
Scaffold81   40612      40609        52044585     39.64  99.99        1281.51
Scaffold82   40323      40323        55120480     37.90  100.00       1366.97
Scaffold83   39843      39824        55940262     37.58  99.95        1404.02
Scaffold84   39702      39701        58882541     40.91  100.00       1483.11
Scaffold85   39510      39510        55472267     37.65  100.00       1404.01
Scaffold86   38782      38756        58031737     40.07  99.93        1496.36
Scaffold87   38657      38657        52416963     37.81  100.00       1355.95
Scaffold88   38528      38285        48550607     37.83  99.37        1260.14
Scaffold89   38085      38085        52782568     40.64  100.00       1385.91
Scaffold90   37884      37870        54613452     39.48  99.96        1441.60
Scaffold91   37438      37438        56740315     38.78  100.00       1515.58
Scaffold92   37172      37172        54992897     37.53  100.00       1479.42
Scaffold93   37101      37089        54437613     37.74  99.97        1467.28
Scaffold94   36980      36980        50731154     40.67  100.00       1371.85
Scaffold95   36720      35428        22966137     45.92  96.48        625.44
Scaffold96   36692      36692        54969678     39.76  100.00       1498.14
Scaffold97   36474      35835        26195919     46.56  98.25        718.21
Scaffold98   36452      36452        46752728     37.65  100.00       1282.58
Scaffold99   36212      36212        48579539     37.64  100.00       1341.53
Scaffold100  36177      3846         10561        34.13  10.63        0.29
Scaffold101  35837      35837        54176772     39.75  100.00       1511.76
Scaffold102  35818      35806        52159018     40.40  99.97        1456.22
Scaffold103  35330      35330        52507176     38.45  100.00       1486.19
Scaffold104  35239      35239        54144722     40.25  100.00       1536.50
Scaffold105  35195      35186        53236860     39.90  99.97        1512.63
Scaffold106  35133      35133        51645246     37.47  100.00       1469.99
Scaffold107  35113      34706        22654068     45.83  98.84        645.18
Scaffold108  34602      34602        53079426     40.21  100.00       1534.00
Scaffold109  34389      33629        6543140      62.62  97.79        190.27
Scaffold110  34322      34322        49336534     37.93  100.00       1437.46
Scaffold111  34070      33479        31093150     47.01  98.27        912.63
Scaffold112  34037      32755        46356588     47.92  96.23        1361.95
Scaffold113  33806      33806        54066968     39.54  100.00       1599.33
Scaffold114  33051      32908        49055381     40.88  99.57        1484.23
Scaffold115  32755      16584        55620        27.53  50.63        1.70
Scaffold116  32568      32151        21019003     45.75  98.72        645.39
Scaffold117  32414      32414        51045285     40.37  100.00       1574.79
Scaffold118  32184      4044         9062         45.59  12.57        0.28
Scaffold119  32058      32058        48628950     38.99  100.00       1516.91
Scaffold120  31495      31495        44440736     38.30  100.00       1411.04
Scaffold121  31081      31081        48907002     38.24  100.00       1573.53
Scaffold122  30957      30864        43958554     37.71  99.70        1419.99
Scaffold123  30695      30695        42596236     37.51  100.00       1387.73
Scaffold124  29391      29391        37561589     37.70  100.00       1278.00
Scaffold125  28528      28526        42502879     40.44  99.99        1489.87
Scaffold126  27614      27614        38034539     37.67  100.00       1377.36
Scaffold127  27180      27147        42410392     47.21  99.88        1560.35
Scaffold128  25650      25650        37583789     41.91  100.00       1465.25
Scaffold129  25387      24859        38543627     46.65  97.92        1518.24
Scaffold130  25023      25023        39943101     39.67  100.00       1596.26
Scaffold131  19034      17458        9472159      45.71  91.72        497.64
Scaffold132  18192      18192        14524454     45.70  100.00       798.40
Scaffold133  18061      17399        13249428     45.77  96.33        733.59
Scaffold134  17179      15895        8580349      46.09  92.53        499.47
Scaffold135  181985     181670       36342858     63.69  99.83        199.70
Scaffold136  119979     119332       22926903     63.41  99.46        191.09
Scaffold137  120772     115811       120953800    46.31  95.89        1001.51
Scaffold138  147147     146846       208419449    39.13  99.80        1416.40
Scaffold139  59719      59719        87407567     39.16  100.00       1463.65
Scaffold140  261056     256487       46293824     63.54  98.25        177.33
Scaffold141  82022      81350        2591548      43.56  99.18        31.60
Scaffold142  34473      34471        43685057     37.80  99.99        1267.23
Scaffold143  34384      7495         25427        28.26  21.80        0.74
Scaffold144  32623      18641        49618        24.80  57.14        1.52
Scaffold145  31764      30649        5637989      63.50  96.49        177.50
Scaffold146  42275      42251        59481712     40.02  99.94        1407.02
Scaffold147  51276      51219        70812225     38.43  99.89        1381.00
Scaffold148  23189      23077        1537135      40.55  99.52        66.29
Scaffold149  24463      10404        53341        22.14  42.53        2.18
Scaffold150  46015      1861         2253         34.43  4.04         0.05
Scaffold151  43340      1674         4279         35.88  3.86         0.10
Scaffold152  40234      2032         4651         36.91  5.05         0.12
Scaffold153  64650      2386         3179         34.91  3.69         0.05
Scaffold154  38732      1425         1721         35.83  3.68         0.04
Scaffold155  49883      988          1185         38.15  1.98         0.02
Scaffold156  33457      1205         2491         36.20  3.60         0.07
Scaffold157  187544     185951       13188050     41.91  99.15        70.32
Scaffold158  27414333   27196531     3424574157   39.50  99.21        124.92
Scaffold159  251453     247024       26185668     37.55  98.24        104.14
Scaffold160  5000       4766         178096       38.10  95.32        35.62
Scaffold161  275339     272380       21474184     38.59  98.93        77.99
Scaffold162  401205     382081       48886287     36.65  95.23        121.85
Scaffold163  6734924    6166876      453611285    41.53  91.57        67.35
Scaffold164  51875      51079        52792065     47.06  98.47        1017.68
Scaffold165  55797      53162        72187112     46.84  95.28        1293.75
Scaffold166  156658     148240       266323311    46.52  94.63        1700.03
Scaffold167  204581     189044       369327919    46.79  92.41        1805.29
Scaffold168  151101     146432       457592671    46.88  96.91        3028.39
Scaffold169  200069     193715       658826600    46.86  96.82        3293.00
Scaffold170  35665      35035        96173483     47.99  98.23        2696.58
Scaffold171  135127     130303       349076066    46.79  96.43        2583.32
Scaffold172  177966     171471       332015665    46.72  96.35        1865.61
Scaffold173  89520      85806        119960127    46.21  95.85        1340.04
Scaffold174  465168     454399       38604710     39.43  97.68        82.99
Scaffold175  89524      89428        9715935      40.27  99.89        108.53
Scaffold176  116137     115525       11582660     41.65  99.47        99.73
Scaffold177  29261      29158        1761884      37.93  99.65        60.21
Scaffold178  13723266   12907716     1168958029   41.19  94.06        85.18
Scaffold179  243945     243173       18198816     39.60  99.68        74.60
Scaffold180  5000       4982         362366       38.98  99.64        72.47
Scaffold181  4995913    4424183      352868635    39.48  88.56        70.63
Scaffold182  2132047    2095515      219277541    40.15  98.29        102.85
plot file: output_of_mapping/{GC_Depth.png,depth.density.png}
.
├── depth.density.svg(pdf/png)  染色体深度总览图
├── each_depth
│   └── *.density.svg(pdf/png)  每条序列的深度图
├── each_depth.check.png        深度图总图（长图）
├── GC_Depth.svg((pdf/png)      GC-Depth图
├── mapping_stat.xls	        Mapping评估结果
├── *_bin*.stat.xls             Binsize大小内的统计情况 
├── *_each.stat.xls             每条序列的统计情况
└── readme.txt
The task: 【mappingdata】 ends at Fri Jun 21 17:06:40 CST 2024
