The task:ã€syntenicã€‘starts at 2024å¹´07æœˆ04æ—¥17:42:16
[01;35m#######Data#######[0m
Ref Genome: ref/ref_chronly.fa
Query Genome: 08.hifi_polish/output_of_nextpolish2/02.nextpolish2_twice.fasta
Nucmer Mincluster: 500
Delta Fliter Length: 500
Minimum Alignment identity: 95
Mummerplot Filter Length: 500
JCVI INV Filter Length: 10000

[01;35m#######Run#######[0m
1. mummer4 align
2. plotsr syri
3. mummer plot
4. gap plot
5. jcvi plot
5.1. filter less than 10000 bp INV
5.2. python3 -m jcvi.graphics.karyotype --keep-chrlabels ...
5.3. python3 -m jcvi.graphics.karyotype --nocircles ...

[01;35m#######Result#######[0m
Output:11.collinearity/03.after_polish/output_of_syntenic/each_gapplot/
.
â”œâ”€â”€ each_gapplot           æ¯æ¡æŸ“è‰²ä½“çš„Syriå›¾(å«Gapå±•ç¤º, Gapä¸ºçº¢ç‚¹)
â”‚Â Â  â””â”€â”€ *_gapplot.png      æ¯æ¡æŸ“è‰²ä½“çš„Syriå›¾(å«Gapå±•ç¤º, Gapä¸ºçº¢ç‚¹)
â”œâ”€â”€ each_mummerplot        æ¯æ¡æŸ“è‰²ä½“çš„Mummerplotå›¾
â”‚Â Â  â””â”€â”€ *_mummerplot.png   æ¯æ¡æŸ“è‰²ä½“çš„Mummerplotå›¾
â”œâ”€â”€ each_syri              æ¯æ¡æŸ“è‰²ä½“çš„Syriå›¾(å¸¸è§„å±•ç¤º, æ— Gapæ ‡è®°)
â”‚Â Â  â””â”€â”€ *_syri.png         æ¯æ¡æŸ“è‰²ä½“çš„Syriå›¾(å¸¸è§„å±•ç¤º, æ— Gapæ ‡è®°)
â”œâ”€â”€ gapplot.*              æ‰€æœ‰æŸ“è‰²ä½“çš„Syriå›¾(å«Gapå±•ç¤º, Gapä¸ºçº¢ç‚¹) 
â”œâ”€â”€ mummerplot.*           æ‰€æœ‰æŸ“è‰²ä½“çš„Mummerplotå›¾
â”œâ”€â”€ jcvi.*                 æ‰€æœ‰æŸ“è‰²ä½“çš„JCVIå›¾(çº¢è‰²ä¸ºæŒ‰ç…§>=10000bpè¿‡æ»¤çš„å€’ä½INV)
â””â”€â”€ syri.*                 æ‰€æœ‰æŸ“è‰²ä½“çš„Syriå›¾
The task:ã€syntenicã€‘ends at 2024å¹´07æœˆ04æ—¥17:53:53
