The task: ã€hicplotã€‘ starts at Wed Jun 19 10:25:04 CST 2024
[01;35m#######Data#######[0m
Genome: 000.T2T/11.collinearity/02.no_gap/no_gap.chronly.fa
HiC Data: 000.T2T/03.hic/01.hunhe_hic/02.hic_hz/Result/hic_cleandata/test_R1.clean.fq.gz, 000.T2T/03.hic/01.hunhe_hic/02.hic_hz/Result/hic_cleandata/test_R2.clean.fq.gz
vMin: 10, vMax: 10000
fontsize: 5
binsize: 1000000

[01;35m#######Run#######[0m
1. bwa index genome
2. bwa mem hic fastq R1
3. bwa mem hic fastq R2
4. run HiCExplorer

[01;35m#######Results#######[0m
Output: 000.T2T/11.collinearity/02.no_gap/03.hicplot/output_of_hicplot/
.
â”œâ”€â”€ hic_plot_line.svg(png/pdf)          HiCExplorerç”Ÿæˆçš„HICçƒ­å›¾ï¼ˆå«æŸ“è‰²ä½“è¾¹ç•Œçº¿ï¼‰
â”œâ”€â”€ each_chr.all.hicplot.svg(png/pdfï¼‰  æ‰€æœ‰æŸ“è‰²ä½“çš„HICçƒ­å›¾
â”œâ”€â”€ each_hicplot                        æ¯æ¡æŸ“è‰²ä½“çš„å•ç‹¬HICçƒ­å›¾
â”‚Â Â  â””â”€â”€ *.hicplot.svg(png/pdf)
â”œâ”€â”€ hic_matrix.h5                       ç”¨äºç”ŸæˆHICçƒ­å›¾çš„çŸ©é˜µæ–‡ä»¶
â”œâ”€â”€ hic_plot.svg(png/pdf)               HiCExplorerç”Ÿæˆçš„HICçƒ­å›¾
â””â”€â”€ readme.txt
The task: ã€hicplotã€‘ ends at Wed Jun 19 10:25:14 CST 2024
